Mplus VERSION 5.1
MUTHEN & MUTHEN
09/14/2020   4:07 PM

INPUT INSTRUCTIONS

  TITLE: small DIPSI facet esem;
  DATA: FILE IS "SS_small_448.txt";

  VARIABLE:
          NAMES ARE id
  EXPR_rm
  ACTI_rm
  DOMI_rm
  IMPU_rm
  IRRI_rm
  DISO_rm
  DIST_rm
  RISK_rm
  NARC_rm
  LABI_rm
  RESI_rm
  EMPA_rm
  DEPE_rm
  ANXI_rm
  SELF_rm
  ATTA_rm
  SUBM_rm
  STRE_rm
  SEPA_rm
  DEPR_rm
  FLEX_rm
  SHYN_rm
  PARA_rm
  WITH_rm
  PERF_rm
  ACHI_rm
  ORDE_rm
  SENS_rm
  FANT_rm
  DAYD_rm
  ODDT_rm;

  USEVARIABLES ARE
  EXPR_rm
  ACTI_rm
  DOMI_rm
  IMPU_rm
  IRRI_rm
  DISO_rm
  DIST_rm
  RISK_rm
  NARC_rm
  LABI_rm
  RESI_rm
  FLEX_rm
  EMPA_rm
  DEPE_rm
  ANXI_rm
  SELF_rm
  ATTA_rm
  SUBM_rm
  STRE_rm
  SEPA_rm
  DEPR_rm
  SHYN_rm
  PARA_rm
  WITH_rm
  PERF_rm
  ACHI_rm
  ORDE_rm
  SENS_rm
  FANT_rm
  DAYD_rm
  ODDT_rm;

  MISSING ARE ALL (-999);



  MODEL:
          disagree em intro comp odd BY
          EXPR_rm-ODDT_rm (*1);


  Analysis:
    ESTIMATOR IS ML;
    iterations = 10000;

    OUTPUT: STDYX MODINDICES(4);





INPUT READING TERMINATED NORMALLY



small DIPSI facet esem;

SUMMARY OF ANALYSIS

Number of groups                                                 1
Number of observations                                         448

Number of dependent variables                                   31
Number of independent variables                                  0
Number of continuous latent variables                            5

Observed dependent variables

  Continuous
   EXPR_RM     ACTI_RM     DOMI_RM     IMPU_RM     IRRI_RM     DISO_RM
   DIST_RM     RISK_RM     NARC_RM     LABI_RM     RESI_RM     FLEX_RM
   EMPA_RM     DEPE_RM     ANXI_RM     SELF_RM     ATTA_RM     SUBM_RM
   STRE_RM     SEPA_RM     DEPR_RM     SHYN_RM     PARA_RM     WITH_RM
   PERF_RM     ACHI_RM     ORDE_RM     SENS_RM     FANT_RM     DAYD_RM
   ODDT_RM

Continuous latent variables

  EFA factors
  *1:   DISAGREE    EM          INTRO       COMP        ODD


Estimator                                                       ML
Rotation                                                    GEOMIN
Row standardization                                    CORRELATION
Type of rotation                                           OBLIQUE
Epsilon value                                               Varies
Information matrix                                        OBSERVED
Maximum number of iterations                                 10000
Convergence criterion                                    0.500D-04
Maximum number of steepest descent iterations                   20
Maximum number of iterations for H1                           2000
Convergence criterion for H1                             0.100D-03
Optimization Specifications for the Exploratory Factor Analysis
Rotation Algorithm
  Number of random starts                                       30
  Maximum number of iterations                               10000
  Derivative convergence criterion                       0.100D-04

Input data file(s)
  SS_small_448.txt

Input data format  FREE


SUMMARY OF DATA

     Number of missing data patterns             1


COVARIANCE COVERAGE OF DATA

Minimum covariance coverage value   0.100


     PROPORTION OF DATA PRESENT


           Covariance Coverage
              EXPR_RM       ACTI_RM       DOMI_RM       IMPU_RM       IRRI_RM
              ________      ________      ________      ________      ________
 EXPR_RM        1.000
 ACTI_RM        1.000         1.000
 DOMI_RM        1.000         1.000         1.000
 IMPU_RM        1.000         1.000         1.000         1.000
 IRRI_RM        1.000         1.000         1.000         1.000         1.000
 DISO_RM        1.000         1.000         1.000         1.000         1.000
 DIST_RM        1.000         1.000         1.000         1.000         1.000
 RISK_RM        1.000         1.000         1.000         1.000         1.000
 NARC_RM        1.000         1.000         1.000         1.000         1.000
 LABI_RM        1.000         1.000         1.000         1.000         1.000
 RESI_RM        1.000         1.000         1.000         1.000         1.000
 FLEX_RM        1.000         1.000         1.000         1.000         1.000
 EMPA_RM        1.000         1.000         1.000         1.000         1.000
 DEPE_RM        1.000         1.000         1.000         1.000         1.000
 ANXI_RM        1.000         1.000         1.000         1.000         1.000
 SELF_RM        1.000         1.000         1.000         1.000         1.000
 ATTA_RM        1.000         1.000         1.000         1.000         1.000
 SUBM_RM        1.000         1.000         1.000         1.000         1.000
 STRE_RM        1.000         1.000         1.000         1.000         1.000
 SEPA_RM        1.000         1.000         1.000         1.000         1.000
 DEPR_RM        1.000         1.000         1.000         1.000         1.000
 SHYN_RM        1.000         1.000         1.000         1.000         1.000
 PARA_RM        1.000         1.000         1.000         1.000         1.000
 WITH_RM        1.000         1.000         1.000         1.000         1.000
 PERF_RM        1.000         1.000         1.000         1.000         1.000
 ACHI_RM        1.000         1.000         1.000         1.000         1.000
 ORDE_RM        1.000         1.000         1.000         1.000         1.000
 SENS_RM        1.000         1.000         1.000         1.000         1.000
 FANT_RM        1.000         1.000         1.000         1.000         1.000
 DAYD_RM        1.000         1.000         1.000         1.000         1.000
 ODDT_RM        1.000         1.000         1.000         1.000         1.000


           Covariance Coverage
              DISO_RM       DIST_RM       RISK_RM       NARC_RM       LABI_RM
              ________      ________      ________      ________      ________
 DISO_RM        1.000
 DIST_RM        1.000         1.000
 RISK_RM        1.000         1.000         1.000
 NARC_RM        1.000         1.000         1.000         1.000
 LABI_RM        1.000         1.000         1.000         1.000         1.000
 RESI_RM        1.000         1.000         1.000         1.000         1.000
 FLEX_RM        1.000         1.000         1.000         1.000         1.000
 EMPA_RM        1.000         1.000         1.000         1.000         1.000
 DEPE_RM        1.000         1.000         1.000         1.000         1.000
 ANXI_RM        1.000         1.000         1.000         1.000         1.000
 SELF_RM        1.000         1.000         1.000         1.000         1.000
 ATTA_RM        1.000         1.000         1.000         1.000         1.000
 SUBM_RM        1.000         1.000         1.000         1.000         1.000
 STRE_RM        1.000         1.000         1.000         1.000         1.000
 SEPA_RM        1.000         1.000         1.000         1.000         1.000
 DEPR_RM        1.000         1.000         1.000         1.000         1.000
 SHYN_RM        1.000         1.000         1.000         1.000         1.000
 PARA_RM        1.000         1.000         1.000         1.000         1.000
 WITH_RM        1.000         1.000         1.000         1.000         1.000
 PERF_RM        1.000         1.000         1.000         1.000         1.000
 ACHI_RM        1.000         1.000         1.000         1.000         1.000
 ORDE_RM        1.000         1.000         1.000         1.000         1.000
 SENS_RM        1.000         1.000         1.000         1.000         1.000
 FANT_RM        1.000         1.000         1.000         1.000         1.000
 DAYD_RM        1.000         1.000         1.000         1.000         1.000
 ODDT_RM        1.000         1.000         1.000         1.000         1.000


           Covariance Coverage
              RESI_RM       FLEX_RM       EMPA_RM       DEPE_RM       ANXI_RM
              ________      ________      ________      ________      ________
 RESI_RM        1.000
 FLEX_RM        1.000         1.000
 EMPA_RM        1.000         1.000         1.000
 DEPE_RM        1.000         1.000         1.000         1.000
 ANXI_RM        1.000         1.000         1.000         1.000         1.000
 SELF_RM        1.000         1.000         1.000         1.000         1.000
 ATTA_RM        1.000         1.000         1.000         1.000         1.000
 SUBM_RM        1.000         1.000         1.000         1.000         1.000
 STRE_RM        1.000         1.000         1.000         1.000         1.000
 SEPA_RM        1.000         1.000         1.000         1.000         1.000
 DEPR_RM        1.000         1.000         1.000         1.000         1.000
 SHYN_RM        1.000         1.000         1.000         1.000         1.000
 PARA_RM        1.000         1.000         1.000         1.000         1.000
 WITH_RM        1.000         1.000         1.000         1.000         1.000
 PERF_RM        1.000         1.000         1.000         1.000         1.000
 ACHI_RM        1.000         1.000         1.000         1.000         1.000
 ORDE_RM        1.000         1.000         1.000         1.000         1.000
 SENS_RM        1.000         1.000         1.000         1.000         1.000
 FANT_RM        1.000         1.000         1.000         1.000         1.000
 DAYD_RM        1.000         1.000         1.000         1.000         1.000
 ODDT_RM        1.000         1.000         1.000         1.000         1.000


           Covariance Coverage
              SELF_RM       ATTA_RM       SUBM_RM       STRE_RM       SEPA_RM
              ________      ________      ________      ________      ________
 SELF_RM        1.000
 ATTA_RM        1.000         1.000
 SUBM_RM        1.000         1.000         1.000
 STRE_RM        1.000         1.000         1.000         1.000
 SEPA_RM        1.000         1.000         1.000         1.000         1.000
 DEPR_RM        1.000         1.000         1.000         1.000         1.000
 SHYN_RM        1.000         1.000         1.000         1.000         1.000
 PARA_RM        1.000         1.000         1.000         1.000         1.000
 WITH_RM        1.000         1.000         1.000         1.000         1.000
 PERF_RM        1.000         1.000         1.000         1.000         1.000
 ACHI_RM        1.000         1.000         1.000         1.000         1.000
 ORDE_RM        1.000         1.000         1.000         1.000         1.000
 SENS_RM        1.000         1.000         1.000         1.000         1.000
 FANT_RM        1.000         1.000         1.000         1.000         1.000
 DAYD_RM        1.000         1.000         1.000         1.000         1.000
 ODDT_RM        1.000         1.000         1.000         1.000         1.000


           Covariance Coverage
              DEPR_RM       SHYN_RM       PARA_RM       WITH_RM       PERF_RM
              ________      ________      ________      ________      ________
 DEPR_RM        1.000
 SHYN_RM        1.000         1.000
 PARA_RM        1.000         1.000         1.000
 WITH_RM        1.000         1.000         1.000         1.000
 PERF_RM        1.000         1.000         1.000         1.000         1.000
 ACHI_RM        1.000         1.000         1.000         1.000         1.000
 ORDE_RM        1.000         1.000         1.000         1.000         1.000
 SENS_RM        1.000         1.000         1.000         1.000         1.000
 FANT_RM        1.000         1.000         1.000         1.000         1.000
 DAYD_RM        1.000         1.000         1.000         1.000         1.000
 ODDT_RM        1.000         1.000         1.000         1.000         1.000


           Covariance Coverage
              ACHI_RM       ORDE_RM       SENS_RM       FANT_RM       DAYD_RM
              ________      ________      ________      ________      ________
 ACHI_RM        1.000
 ORDE_RM        1.000         1.000
 SENS_RM        1.000         1.000         1.000
 FANT_RM        1.000         1.000         1.000         1.000
 DAYD_RM        1.000         1.000         1.000         1.000         1.000
 ODDT_RM        1.000         1.000         1.000         1.000         1.000


           Covariance Coverage
              ODDT_RM
              ________
 ODDT_RM        1.000



THE MODEL ESTIMATION TERMINATED NORMALLY



TESTS OF MODEL FIT

Chi-Square Test of Model Fit

          Value                           1469.303
          Degrees of Freedom                   320
          P-Value                           0.0000

Chi-Square Test of Model Fit for the Baseline Model

          Value                          11266.643
          Degrees of Freedom                   465
          P-Value                           0.0000

CFI/TLI

          CFI                                0.894
          TLI                                0.845

Loglikelihood

          H0 Value                       -8732.134
          H1 Value                       -7997.482

Information Criteria

          Number of Free Parameters            207
          Akaike (AIC)                   17878.268
          Bayesian (BIC)                 18727.960
          Sample-Size Adjusted BIC       18071.025
            (n* = (n + 2) / 24)

RMSEA (Root Mean Square Error Of Approximation)

          Estimate                           0.090
          90 Percent C.I.                    0.085  0.094
          Probability RMSEA <= .05           0.000

SRMR (Standardized Root Mean Square Residual)

          Value                              0.033



MODEL RESULTS

                                                    Two-Tailed
                    Estimate       S.E.  Est./S.E.    P-Value

 DISAGREE BY
    EXPR_RM            0.355      0.024     15.085      0.000
    ACTI_RM            0.577      0.050     11.433      0.000
    DOMI_RM            0.533      0.035     15.140      0.000
    IMPU_RM            0.481      0.032     15.200      0.000
    IRRI_RM            0.455      0.040     11.254      0.000
    DISO_RM            0.504      0.057      8.847      0.000
    DIST_RM            0.383      0.043      8.991      0.000
    RISK_RM            0.524      0.040     13.257      0.000
    NARC_RM            0.367      0.031     11.836      0.000
    LABI_RM            0.344      0.036      9.640      0.000
    RESI_RM            0.294      0.022     13.428      0.000
    FLEX_RM            0.154      0.026      6.022      0.000
    EMPA_RM            0.153      0.022      6.986      0.000
    DEPE_RM            0.141      0.033      4.346      0.000
    ANXI_RM           -0.022      0.026     -0.875      0.382
    SELF_RM           -0.059      0.037     -1.613      0.107
    ATTA_RM            0.103      0.027      3.857      0.000
    SUBM_RM            0.125      0.035      3.537      0.000
    STRE_RM            0.209      0.045      4.632      0.000
    SEPA_RM            0.022      0.035      0.630      0.529
    DEPR_RM            0.107      0.024      4.429      0.000
    SHYN_RM           -0.004      0.014     -0.300      0.764
    PARA_RM            0.063      0.023      2.740      0.006
    WITH_RM            0.019      0.031      0.616      0.538
    PERF_RM           -0.093      0.037     -2.504      0.012
    ACHI_RM            0.056      0.035      1.616      0.106
    ORDE_RM           -0.013      0.014     -0.951      0.341
    SENS_RM            0.013      0.024      0.543      0.587
    FANT_RM            0.009      0.015      0.629      0.530
    DAYD_RM            0.008      0.013      0.606      0.545
    ODDT_RM            0.131      0.027      4.855      0.000

 EM       BY
    EXPR_RM            0.035      0.017      2.031      0.042
    ACTI_RM            0.039      0.038      1.027      0.304
    DOMI_RM            0.000      0.018      0.027      0.979
    IMPU_RM           -0.001      0.021     -0.025      0.980
    IRRI_RM            0.170      0.043      3.987      0.000
    DISO_RM            0.067      0.047      1.420      0.156
    DIST_RM            0.138      0.044      3.129      0.002
    RISK_RM           -0.051      0.032     -1.600      0.109
    NARC_RM           -0.022      0.015     -1.443      0.149
    LABI_RM            0.248      0.039      6.385      0.000
    RESI_RM           -0.044      0.023     -1.920      0.055
    FLEX_RM            0.162      0.030      5.486      0.000
    EMPA_RM            0.008      0.013      0.653      0.514
    DEPE_RM            0.363      0.033     10.924      0.000
    ANXI_RM            0.662      0.039     16.926      0.000
    SELF_RM            0.784      0.039     20.155      0.000
    ATTA_RM            0.373      0.028     13.476      0.000
    SUBM_RM            0.265      0.036      7.450      0.000
    STRE_RM            0.558      0.043     12.868      0.000
    SEPA_RM            0.492      0.042     11.827      0.000
    DEPR_RM            0.249      0.029      8.560      0.000
    SHYN_RM            0.129      0.034      3.806      0.000
    PARA_RM            0.195      0.033      5.967      0.000
    WITH_RM            0.268      0.046      5.855      0.000
    PERF_RM            0.440      0.051      8.677      0.000
    ACHI_RM            0.435      0.056      7.744      0.000
    ORDE_RM            0.173      0.031      5.492      0.000
    SENS_RM            0.425      0.045      9.415      0.000
    FANT_RM            0.006      0.013      0.437      0.662
    DAYD_RM           -0.009      0.011     -0.817      0.414
    ODDT_RM            0.029      0.024      1.194      0.233

 INTRO    BY
    EXPR_RM           -0.010      0.013     -0.796      0.426
    ACTI_RM           -0.196      0.044     -4.435      0.000
    DOMI_RM            0.029      0.019      1.475      0.140
    IMPU_RM           -0.006      0.021     -0.265      0.791
    IRRI_RM            0.093      0.038      2.480      0.013
    DISO_RM           -0.135      0.045     -2.994      0.003
    DIST_RM           -0.013      0.018     -0.709      0.478
    RISK_RM           -0.075      0.034     -2.229      0.026
    NARC_RM            0.034      0.018      1.932      0.053
    LABI_RM            0.097      0.035      2.728      0.006
    RESI_RM            0.130      0.019      6.693      0.000
    FLEX_RM            0.155      0.026      5.985      0.000
    EMPA_RM            0.236      0.019     12.264      0.000
    DEPE_RM            0.048      0.027      1.794      0.073
    ANXI_RM            0.078      0.038      2.039      0.041
    SELF_RM           -0.059      0.035     -1.659      0.097
    ATTA_RM            0.029      0.022      1.310      0.190
    SUBM_RM            0.063      0.032      1.981      0.048
    STRE_RM           -0.069      0.038     -1.820      0.069
    SEPA_RM            0.010      0.033      0.318      0.750
    DEPR_RM            0.134      0.027      5.050      0.000
    SHYN_RM            0.302      0.025     11.980      0.000
    PARA_RM            0.252      0.026      9.698      0.000
    WITH_RM            0.274      0.039      7.045      0.000
    PERF_RM            0.011      0.014      0.793      0.428
    ACHI_RM           -0.130      0.035     -3.724      0.000
    ORDE_RM            0.180      0.024      7.493      0.000
    SENS_RM           -0.192      0.041     -4.715      0.000
    FANT_RM            0.009      0.013      0.693      0.489
    DAYD_RM            0.038      0.014      2.658      0.008
    ODDT_RM            0.132      0.026      5.136      0.000

 COMP     BY
    EXPR_RM            0.013      0.014      0.924      0.356
    ACTI_RM            0.067      0.042      1.591      0.112
    DOMI_RM           -0.038      0.021     -1.814      0.070
    IMPU_RM            0.134      0.028      4.782      0.000
    IRRI_RM           -0.076      0.030     -2.564      0.010
    DISO_RM            0.090      0.048      1.892      0.058
    DIST_RM            0.132      0.035      3.784      0.000
    RISK_RM            0.053      0.031      1.715      0.086
    NARC_RM           -0.011      0.014     -0.792      0.428
    LABI_RM           -0.040      0.024     -1.679      0.093
    RESI_RM           -0.007      0.013     -0.531      0.595
    FLEX_RM            0.049      0.021      2.332      0.020
    EMPA_RM           -0.003      0.013     -0.255      0.798
    DEPE_RM            0.024      0.022      1.066      0.287
    ANXI_RM           -0.054      0.023     -2.421      0.015
    SELF_RM           -0.012      0.021     -0.576      0.565
    ATTA_RM            0.011      0.019      0.587      0.557
    SUBM_RM            0.104      0.030      3.422      0.001
    STRE_RM            0.032      0.028      1.138      0.255
    SEPA_RM           -0.007      0.033     -0.208      0.835
    DEPR_RM           -0.005      0.016     -0.307      0.759
    SHYN_RM            0.040      0.019      2.082      0.037
    PARA_RM            0.012      0.015      0.787      0.431
    WITH_RM            0.118      0.035      3.396      0.001
    PERF_RM            0.048      0.024      2.016      0.044
    ACHI_RM           -0.059      0.029     -2.068      0.039
    ORDE_RM            0.003      0.014      0.211      0.833
    SENS_RM            0.240      0.039      6.137      0.000
    FANT_RM            0.793      0.030     26.338      0.000
    DAYD_RM            0.689      0.028     24.850      0.000
    ODDT_RM            0.237      0.025      9.567      0.000

 ODD      BY
    EXPR_RM            0.136      0.024      5.642      0.000
    ACTI_RM            0.090      0.051      1.752      0.080
    DOMI_RM            0.228      0.035      6.583      0.000
    IMPU_RM           -0.028      0.028     -1.022      0.307
    IRRI_RM           -0.025      0.024     -1.071      0.284
    DISO_RM           -0.240      0.052     -4.608      0.000
    DIST_RM           -0.201      0.034     -5.846      0.000
    RISK_RM            0.130      0.040      3.246      0.001
    NARC_RM            0.240      0.027      8.807      0.000
    LABI_RM           -0.036      0.023     -1.573      0.116
    RESI_RM           -0.011      0.013     -0.876      0.381
    FLEX_RM            0.068      0.021      3.264      0.001
    EMPA_RM            0.024      0.015      1.593      0.111
    DEPE_RM           -0.052      0.024     -2.132      0.033
    ANXI_RM           -0.007      0.019     -0.372      0.710
    SELF_RM           -0.008      0.023     -0.364      0.716
    ATTA_RM            0.036      0.021      1.700      0.089
    SUBM_RM           -0.029      0.028     -1.034      0.301
    STRE_RM           -0.041      0.030     -1.383      0.167
    SEPA_RM            0.005      0.031      0.160      0.873
    DEPR_RM           -0.004      0.016     -0.268      0.789
    SHYN_RM           -0.004      0.013     -0.280      0.779
    PARA_RM            0.002      0.014      0.139      0.889
    WITH_RM            0.012      0.029      0.415      0.678
    PERF_RM            0.414      0.033     12.648      0.000
    ACHI_RM            0.497      0.038     13.199      0.000
    ORDE_RM            0.158      0.022      7.194      0.000
    SENS_RM            0.129      0.040      3.255      0.001
    FANT_RM           -0.014      0.017     -0.815      0.415
    DAYD_RM           -0.043      0.017     -2.487      0.013
    ODDT_RM            0.001      0.018      0.066      0.948

 EM       WITH
    DISAGREE           0.529      0.039     13.538      0.000

 INTRO    WITH
    DISAGREE           0.301      0.059      5.121      0.000
    EM                 0.343      0.055      6.233      0.000

 COMP     WITH
    DISAGREE           0.437      0.041     10.648      0.000
    EM                 0.418      0.041     10.153      0.000
    INTRO              0.204      0.055      3.723      0.000

 ODD      WITH
    DISAGREE           0.037      0.057      0.648      0.517
    EM                 0.050      0.071      0.697      0.486
    INTRO              0.055      0.060      0.910      0.363
    COMP              -0.198      0.062     -3.169      0.002

 Intercepts
    EXPR_RM            0.000      0.023      0.000      1.000
    ACTI_RM            0.000      0.043      0.000      1.000
    DOMI_RM            0.000      0.032      0.000      1.000
    IMPU_RM            0.000      0.032      0.000      1.000
    IRRI_RM            0.000      0.035      0.000      1.000
    DISO_RM            0.000      0.043      0.000      1.000
    DIST_RM            0.000      0.033      0.000      1.000
    RISK_RM            0.000      0.034      0.000      1.000
    NARC_RM            0.000      0.025      0.000      1.000
    LABI_RM            0.000      0.032      0.000      1.000
    RESI_RM            0.000      0.020      0.000      1.000
    FLEX_RM            0.000      0.025      0.000      1.000
    EMPA_RM            0.000      0.020      0.000      1.000
    DEPE_RM            0.000      0.029      0.000      1.000
    ANXI_RM            0.000      0.035      0.000      1.000
    SELF_RM            0.000      0.039      0.000      1.000
    ATTA_RM            0.000      0.027      0.000      1.000
    SUBM_RM            0.000      0.031      0.000      1.000
    STRE_RM            0.000      0.040      0.000      1.000
    SEPA_RM            0.000      0.036      0.000      1.000
    DEPR_RM            0.000      0.023      0.000      1.000
    SHYN_RM            0.000      0.022      0.000      1.000
    PARA_RM            0.000      0.023      0.000      1.000
    WITH_RM            0.000      0.035      0.000      1.000
    PERF_RM            0.000      0.034      0.000      1.000
    ACHI_RM            0.000      0.038      0.000      1.000
    ORDE_RM            0.000      0.022      0.000      1.000
    SENS_RM            0.000      0.039      0.000      1.000
    FANT_RM            0.000      0.039      0.000      1.000
    DAYD_RM            0.000      0.035      0.000      1.000
    ODDT_RM            0.000      0.026      0.000      1.000

 Variances
    DISAGREE           1.000      0.000    999.000    999.000
    EM                 1.000      0.000    999.000    999.000
    INTRO              1.000      0.000    999.000    999.000
    COMP               1.000      0.000    999.000    999.000
    ODD                1.000      0.000    999.000    999.000

 Residual Variances
    EXPR_RM            0.065      0.006     11.806      0.000
    ACTI_RM            0.446      0.034     13.110      0.000
    DOMI_RM            0.128      0.011     11.427      0.000
    IMPU_RM            0.144      0.011     12.724      0.000
    IRRI_RM            0.230      0.017     13.509      0.000
    DISO_RM            0.442      0.035     12.756      0.000
    DIST_RM            0.162      0.014     11.519      0.000
    RISK_RM            0.257      0.020     13.137      0.000
    NARC_RM            0.087      0.008     10.910      0.000
    LABI_RM            0.169      0.013     13.375      0.000
    RESI_RM            0.070      0.005     12.862      0.000
    FLEX_RM            0.114      0.008     13.968      0.000
    EMPA_RM            0.069      0.006     11.680      0.000
    DEPE_RM            0.144      0.011     13.527      0.000
    ANXI_RM            0.121      0.011     11.116      0.000
    SELF_RM            0.138      0.014      9.992      0.000
    ATTA_RM            0.113      0.008     13.723      0.000
    SUBM_RM            0.229      0.016     14.526      0.000
    STRE_RM            0.253      0.019     13.109      0.000
    SEPA_RM            0.337      0.024     14.223      0.000
    DEPR_RM            0.092      0.007     13.721      0.000
    SHYN_RM            0.078      0.008     10.365      0.000
    PARA_RM            0.077      0.006     11.940      0.000
    WITH_RM            0.296      0.021     13.914      0.000
    PERF_RM            0.146      0.016      9.005      0.000
    ACHI_RM            0.198      0.021      9.275      0.000
    ORDE_RM            0.108      0.008     12.757      0.000
    SENS_RM            0.377      0.027     13.760      0.000
    FANT_RM            0.029      0.011      2.649      0.008
    DAYD_RM            0.046      0.009      5.350      0.000
    ODDT_RM            0.146      0.010     14.304      0.000


STANDARDIZED MODEL RESULTS


STDYX Standardization

                                                    Two-Tailed
                    Estimate       S.E.  Est./S.E.    P-Value

 DISAGREE BY
    EXPR_RM            0.741      0.039     19.188      0.000
    ACTI_RM            0.640      0.047     13.645      0.000
    DOMI_RM            0.777      0.041     19.080      0.000
    IMPU_RM            0.718      0.036     19.704      0.000
    IRRI_RM            0.612      0.047     13.023      0.000
    DISO_RM            0.559      0.057      9.751      0.000
    DIST_RM            0.542      0.056      9.646      0.000
    RISK_RM            0.720      0.043     16.769      0.000
    NARC_RM            0.688      0.051     13.428      0.000
    LABI_RM            0.506      0.048     10.535      0.000
    RESI_RM            0.696      0.042     16.597      0.000
    FLEX_RM            0.296      0.048      6.228      0.000
    EMPA_RM            0.367      0.050      7.282      0.000
    DEPE_RM            0.229      0.052      4.402      0.000
    ANXI_RM           -0.030      0.034     -0.876      0.381
    SELF_RM           -0.072      0.044     -1.616      0.106
    ATTA_RM            0.181      0.046      3.892      0.000
    SUBM_RM            0.193      0.054      3.582      0.000
    STRE_RM            0.246      0.052      4.691      0.000
    SEPA_RM            0.029      0.046      0.630      0.529
    DEPR_RM            0.218      0.048      4.495      0.000
    SHYN_RM           -0.009      0.031     -0.300      0.764
    PARA_RM            0.128      0.047      2.755      0.006
    WITH_RM            0.026      0.042      0.616      0.538
    PERF_RM           -0.131      0.052     -2.505      0.012
    ACHI_RM            0.070      0.043      1.618      0.106
    ORDE_RM           -0.028      0.030     -0.951      0.342
    SENS_RM            0.016      0.029      0.543      0.587
    FANT_RM            0.011      0.018      0.629      0.529
    DAYD_RM            0.011      0.018      0.606      0.544
    ODDT_RM            0.239      0.048      4.965      0.000

 EM       BY
    EXPR_RM            0.074      0.036      2.034      0.042
    ACTI_RM            0.043      0.042      1.028      0.304
    DOMI_RM            0.001      0.026      0.027      0.979
    IMPU_RM           -0.001      0.032     -0.025      0.980
    IRRI_RM            0.228      0.057      4.034      0.000
    DISO_RM            0.074      0.052      1.422      0.155
    DIST_RM            0.195      0.062      3.154      0.002
    RISK_RM           -0.070      0.044     -1.603      0.109
    NARC_RM           -0.041      0.029     -1.441      0.150
    LABI_RM            0.364      0.055      6.603      0.000
    RESI_RM           -0.104      0.054     -1.923      0.054
    FLEX_RM            0.311      0.055      5.656      0.000
    EMPA_RM            0.020      0.030      0.654      0.513
    DEPE_RM            0.589      0.047     12.470      0.000
    ANXI_RM            0.888      0.037     23.691      0.000
    SELF_RM            0.955      0.028     34.468      0.000
    ATTA_RM            0.658      0.039     16.668      0.000
    SUBM_RM            0.410      0.051      7.972      0.000
    STRE_RM            0.657      0.043     15.370      0.000
    SEPA_RM            0.639      0.044     14.567      0.000
    DEPR_RM            0.506      0.055      9.249      0.000
    SHYN_RM            0.274      0.071      3.857      0.000
    PARA_RM            0.395      0.064      6.169      0.000
    WITH_RM            0.359      0.059      6.101      0.000
    PERF_RM            0.620      0.066      9.409      0.000
    ACHI_RM            0.541      0.066      8.174      0.000
    ORDE_RM            0.369      0.065      5.700      0.000
    SENS_RM            0.517      0.049     10.497      0.000
    FANT_RM            0.007      0.016      0.437      0.662
    DAYD_RM           -0.013      0.015     -0.817      0.414
    ODDT_RM            0.053      0.044      1.196      0.232

 INTRO    BY
    EXPR_RM           -0.022      0.028     -0.796      0.426
    ACTI_RM           -0.217      0.048     -4.498      0.000
    DOMI_RM            0.042      0.028      1.477      0.140
    IMPU_RM           -0.008      0.032     -0.265      0.791
    IRRI_RM            0.126      0.051      2.487      0.013
    DISO_RM           -0.150      0.050     -3.014      0.003
    DIST_RM           -0.018      0.025     -0.709      0.478
    RISK_RM           -0.103      0.046     -2.235      0.025
    NARC_RM            0.064      0.033      1.937      0.053
    LABI_RM            0.142      0.052      2.736      0.006
    RESI_RM            0.306      0.045      6.866      0.000
    FLEX_RM            0.298      0.049      6.128      0.000
    EMPA_RM            0.567      0.040     14.146      0.000
    DEPE_RM            0.078      0.044      1.795      0.073
    ANXI_RM            0.104      0.051      2.037      0.042
    SELF_RM           -0.072      0.043     -1.662      0.097
    ATTA_RM            0.052      0.039      1.310      0.190
    SUBM_RM            0.097      0.049      1.986      0.047
    STRE_RM           -0.081      0.044     -1.823      0.068
    SEPA_RM            0.014      0.043      0.318      0.750
    DEPR_RM            0.273      0.053      5.118      0.000
    SHYN_RM            0.642      0.047     13.646      0.000
    PARA_RM            0.512      0.050     10.315      0.000
    WITH_RM            0.367      0.050      7.381      0.000
    PERF_RM            0.016      0.020      0.793      0.428
    ACHI_RM           -0.161      0.043     -3.729      0.000
    ORDE_RM            0.385      0.049      7.862      0.000
    SENS_RM           -0.233      0.049     -4.790      0.000
    FANT_RM            0.011      0.016      0.695      0.487
    DAYD_RM            0.051      0.019      2.675      0.007
    ODDT_RM            0.240      0.046      5.240      0.000

 COMP     BY
    EXPR_RM            0.026      0.028      0.924      0.356
    ACTI_RM            0.074      0.046      1.594      0.111
    DOMI_RM           -0.055      0.030     -1.816      0.069
    IMPU_RM            0.200      0.041      4.844      0.000
    IRRI_RM           -0.103      0.040     -2.572      0.010
    DISO_RM            0.100      0.053      1.899      0.058
    DIST_RM            0.187      0.049      3.824      0.000
    RISK_RM            0.072      0.042      1.718      0.086
    NARC_RM           -0.021      0.026     -0.792      0.428
    LABI_RM           -0.059      0.035     -1.680      0.093
    RESI_RM           -0.016      0.030     -0.531      0.595
    FLEX_RM            0.094      0.040      2.340      0.019
    EMPA_RM           -0.008      0.031     -0.255      0.798
    DEPE_RM            0.038      0.036      1.066      0.286
    ANXI_RM           -0.073      0.030     -2.423      0.015
    SELF_RM           -0.015      0.026     -0.576      0.565
    ATTA_RM            0.020      0.033      0.587      0.557
    SUBM_RM            0.161      0.046      3.459      0.001
    STRE_RM            0.038      0.033      1.139      0.255
    SEPA_RM           -0.009      0.043     -0.208      0.835
    DEPR_RM           -0.010      0.033     -0.307      0.759
    SHYN_RM            0.084      0.040      2.089      0.037
    PARA_RM            0.024      0.031      0.788      0.431
    WITH_RM            0.157      0.046      3.430      0.001
    PERF_RM            0.068      0.034      2.016      0.044
    ACHI_RM           -0.073      0.035     -2.071      0.038
    ORDE_RM            0.006      0.030      0.211      0.833
    SENS_RM            0.292      0.046      6.360      0.000
    FANT_RM            0.964      0.017     57.645      0.000
    DAYD_RM            0.933      0.018     50.651      0.000
    ODDT_RM            0.433      0.041     10.528      0.000

 ODD      BY
    EXPR_RM            0.284      0.050      5.692      0.000
    ACTI_RM            0.099      0.057      1.755      0.079
    DOMI_RM            0.332      0.050      6.671      0.000
    IMPU_RM           -0.042      0.041     -1.023      0.306
    IRRI_RM           -0.034      0.032     -1.072      0.284
    DISO_RM           -0.266      0.057     -4.688      0.000
    DIST_RM           -0.284      0.048     -5.919      0.000
    RISK_RM            0.178      0.055      3.267      0.001
    NARC_RM            0.451      0.049      9.149      0.000
    LABI_RM           -0.053      0.033     -1.575      0.115
    RESI_RM           -0.027      0.031     -0.876      0.381
    FLEX_RM            0.131      0.040      3.277      0.001
    EMPA_RM            0.059      0.037      1.596      0.111
    DEPE_RM           -0.085      0.040     -2.136      0.033
    ANXI_RM           -0.009      0.025     -0.372      0.710
    SELF_RM           -0.010      0.028     -0.364      0.716
    ATTA_RM            0.063      0.037      1.699      0.089
    SUBM_RM           -0.044      0.043     -1.035      0.301
    STRE_RM           -0.049      0.035     -1.384      0.166
    SEPA_RM            0.006      0.040      0.160      0.873
    DEPR_RM           -0.009      0.033     -0.268      0.789
    SHYN_RM           -0.008      0.028     -0.280      0.779
    PARA_RM            0.004      0.028      0.139      0.889
    WITH_RM            0.016      0.038      0.415      0.678
    PERF_RM            0.584      0.043     13.695      0.000
    ACHI_RM            0.618      0.042     14.879      0.000
    ORDE_RM            0.337      0.045      7.484      0.000
    SENS_RM            0.157      0.048      3.276      0.001
    FANT_RM           -0.017      0.020     -0.816      0.414
    DAYD_RM           -0.058      0.023     -2.495      0.013
    ODDT_RM            0.002      0.032      0.066      0.948

 EM       WITH
    DISAGREE           0.529      0.039     13.538      0.000

 INTRO    WITH
    DISAGREE           0.301      0.059      5.121      0.000
    EM                 0.343      0.055      6.233      0.000

 COMP     WITH
    DISAGREE           0.437      0.041     10.648      0.000
    EM                 0.418      0.041     10.153      0.000
    INTRO              0.204      0.055      3.723      0.000

 ODD      WITH
    DISAGREE           0.037      0.057      0.648      0.517
    EM                 0.050      0.071      0.697      0.486
    INTRO              0.055      0.060      0.910      0.363
    COMP              -0.198      0.062     -3.169      0.002

 Intercepts
    EXPR_RM            0.000      0.047      0.000      1.000
    ACTI_RM            0.000      0.047      0.000      1.000
    DOMI_RM            0.000      0.047      0.000      1.000
    IMPU_RM            0.000      0.047      0.000      1.000
    IRRI_RM            0.000      0.047      0.000      1.000
    DISO_RM            0.000      0.047      0.000      1.000
    DIST_RM            0.000      0.047      0.000      1.000
    RISK_RM            0.000      0.047      0.000      1.000
    NARC_RM            0.000      0.047      0.000      1.000
    LABI_RM            0.000      0.047      0.000      1.000
    RESI_RM            0.000      0.047      0.000      1.000
    FLEX_RM            0.000      0.047      0.000      1.000
    EMPA_RM            0.000      0.047      0.000      1.000
    DEPE_RM            0.000      0.047      0.000      1.000
    ANXI_RM            0.000      0.047      0.000      1.000
    SELF_RM            0.000      0.047      0.000      1.000
    ATTA_RM            0.000      0.047      0.000      1.000
    SUBM_RM            0.000      0.047      0.000      1.000
    STRE_RM            0.000      0.047      0.000      1.000
    SEPA_RM            0.000      0.047      0.000      1.000
    DEPR_RM            0.000      0.047      0.000      1.000
    SHYN_RM            0.000      0.047      0.000      1.000
    PARA_RM            0.000      0.047      0.000      1.000
    WITH_RM            0.000      0.047      0.000      1.000
    PERF_RM            0.000      0.047      0.000      1.000
    ACHI_RM            0.000      0.047      0.000      1.000
    ORDE_RM            0.000      0.047      0.000      1.000
    SENS_RM            0.000      0.047      0.000      1.000
    FANT_RM            0.000      0.047      0.000      1.000
    DAYD_RM            0.000      0.047      0.000      1.000
    ODDT_RM            0.000      0.047      0.000      1.000

 Variances
    DISAGREE           1.000      0.000    999.000    999.000
    EM                 1.000      0.000    999.000    999.000
    INTRO              1.000      0.000    999.000    999.000
    COMP               1.000      0.000    999.000    999.000
    ODD                1.000      0.000    999.000    999.000

 Residual Variances
    EXPR_RM            0.284      0.027     10.480      0.000
    ACTI_RM            0.549      0.040     13.636      0.000
    DOMI_RM            0.272      0.027     10.155      0.000
    IMPU_RM            0.321      0.028     11.338      0.000
    IRRI_RM            0.416      0.033     12.672      0.000
    DISO_RM            0.543      0.041     13.173      0.000
    DIST_RM            0.325      0.031     10.485      0.000
    RISK_RM            0.484      0.037     12.973      0.000
    NARC_RM            0.307      0.031      9.940      0.000
    LABI_RM            0.365      0.030     12.131      0.000
    RESI_RM            0.393      0.033     11.952      0.000
    FLEX_RM            0.421      0.032     13.092      0.000
    EMPA_RM            0.399      0.036     11.021      0.000
    DEPE_RM            0.379      0.031     12.358      0.000
    ANXI_RM            0.218      0.022      9.708      0.000
    SELF_RM            0.205      0.023      8.892      0.000
    ATTA_RM            0.353      0.029     12.284      0.000
    SUBM_RM            0.547      0.036     15.213      0.000
    STRE_RM            0.350      0.030     11.817      0.000
    SEPA_RM            0.569      0.037     15.201      0.000
    DEPR_RM            0.383      0.031     12.540      0.000
    SHYN_RM            0.351      0.036      9.694      0.000
    PARA_RM            0.317      0.029     10.753      0.000
    WITH_RM            0.530      0.037     14.296      0.000
    PERF_RM            0.290      0.035      8.390      0.000
    ACHI_RM            0.306      0.035      8.652      0.000
    ORDE_RM            0.493      0.039     12.696      0.000
    SENS_RM            0.556      0.038     14.465      0.000
    FANT_RM            0.044      0.017      2.612      0.009
    DAYD_RM            0.084      0.017      5.087      0.000
    ODDT_RM            0.486      0.034     14.120      0.000


R-SQUARE

    Observed                                        Two-Tailed
    Variable        Estimate       S.E.  Est./S.E.    P-Value

    EXPR_RM            0.716      0.027     26.444      0.000
    ACTI_RM            0.451      0.040     11.188      0.000
    DOMI_RM            0.728      0.027     27.224      0.000
    IMPU_RM            0.679      0.028     24.034      0.000
    IRRI_RM            0.584      0.033     17.775      0.000
    DISO_RM            0.457      0.041     11.094      0.000
    DIST_RM            0.675      0.031     21.758      0.000
    RISK_RM            0.516      0.037     13.857      0.000
    NARC_RM            0.693      0.031     22.401      0.000
    LABI_RM            0.635      0.030     21.101      0.000
    RESI_RM            0.607      0.033     18.461      0.000
    FLEX_RM            0.579      0.032     18.035      0.000
    EMPA_RM            0.601      0.036     16.605      0.000
    DEPE_RM            0.621      0.031     20.273      0.000
    ANXI_RM            0.782      0.022     34.795      0.000
    SELF_RM            0.795      0.023     34.440      0.000
    ATTA_RM            0.647      0.029     22.561      0.000
    SUBM_RM            0.453      0.036     12.604      0.000
    STRE_RM            0.650      0.030     21.967      0.000
    SEPA_RM            0.431      0.037     11.519      0.000
    DEPR_RM            0.617      0.031     20.229      0.000
    SHYN_RM            0.649      0.036     17.935      0.000
    PARA_RM            0.683      0.029     23.169      0.000
    WITH_RM            0.470      0.037     12.654      0.000
    PERF_RM            0.710      0.035     20.534      0.000
    ACHI_RM            0.694      0.035     19.634      0.000
    ORDE_RM            0.507      0.039     13.036      0.000
    SENS_RM            0.444      0.038     11.538      0.000
    FANT_RM            0.956      0.017     57.282      0.000
    DAYD_RM            0.916      0.017     55.290      0.000
    ODDT_RM            0.514      0.034     14.955      0.000


QUALITY OF NUMERICAL RESULTS

     Condition Number for the Information Matrix              0.166E-04
       (ratio of smallest to largest eigenvalue)


MODEL MODIFICATION INDICES

Minimum M.I. value for printing the modification index     4.000

                            M.I.     E.P.C.  Std E.P.C.  StdYX E.P.C.

WITH Statements

ACTI_RM  WITH EXPR_RM      22.906    -0.045     -0.045       -0.265
DOMI_RM  WITH EXPR_RM      26.165     0.030      0.030        0.324
IMPU_RM  WITH EXPR_RM       4.413    -0.012     -0.012       -0.120
IMPU_RM  WITH ACTI_RM      11.207     0.046      0.046        0.180
IMPU_RM  WITH DOMI_RM       9.047    -0.024     -0.024       -0.176
DISO_RM  WITH DOMI_RM      10.550    -0.044     -0.044       -0.183
DIST_RM  WITH EXPR_RM       5.545    -0.014     -0.014       -0.135
DIST_RM  WITH ACTI_RM      29.032     0.080      0.080        0.296
DIST_RM  WITH IMPU_RM       4.941     0.020      0.020        0.128
DIST_RM  WITH IRRI_RM       6.239    -0.027     -0.027       -0.138
DIST_RM  WITH DISO_RM      21.453     0.071      0.071        0.267
RISK_RM  WITH EXPR_RM      13.468    -0.027     -0.027       -0.206
RISK_RM  WITH ACTI_RM      71.301     0.150      0.150        0.444
RISK_RM  WITH DOMI_RM      10.123    -0.033     -0.033       -0.184
RISK_RM  WITH IMPU_RM      22.310     0.049      0.049        0.256
NARC_RM  WITH EXPR_RM      39.825     0.030      0.030        0.402
NARC_RM  WITH ACTI_RM      25.636    -0.057     -0.057       -0.287
NARC_RM  WITH DOMI_RM      21.515     0.033      0.033        0.312
NARC_RM  WITH IRRI_RM      12.740    -0.028     -0.028       -0.200
LABI_RM  WITH IMPU_RM       7.554    -0.023     -0.023       -0.147
LABI_RM  WITH IRRI_RM     116.316     0.110      0.110        0.558
LABI_RM  WITH DIST_RM      11.690    -0.031     -0.031       -0.189
LABI_RM  WITH NARC_RM       8.948    -0.020     -0.020       -0.167
RESI_RM  WITH ACTI_RM      12.474    -0.033     -0.033       -0.188
RESI_RM  WITH LABI_RM       7.557     0.016      0.016        0.147
FLEX_RM  WITH EXPR_RM       6.934    -0.012     -0.012       -0.141
FLEX_RM  WITH IRRI_RM       9.728     0.026      0.026        0.158
FLEX_RM  WITH LABI_RM       6.983     0.019      0.019        0.134
EMPA_RM  WITH ACTI_RM       6.864    -0.025     -0.025       -0.144
EMPA_RM  WITH DISO_RM      11.215     0.033      0.033        0.187
EMPA_RM  WITH NARC_RM       5.142     0.011      0.011        0.136
EMPA_RM  WITH FLEX_RM      11.603    -0.017     -0.017       -0.187
DEPE_RM  WITH IRRI_RM       7.837    -0.026     -0.026       -0.144
DEPE_RM  WITH LABI_RM      20.076    -0.036     -0.036       -0.231
DEPE_RM  WITH RESI_RM       7.601    -0.015     -0.015       -0.146
DEPE_RM  WITH EMPA_RM       4.723     0.012      0.012        0.119
ANXI_RM  WITH ACTI_RM      15.655    -0.052     -0.052       -0.222
ANXI_RM  WITH DISO_RM      11.834    -0.045     -0.045       -0.196
ANXI_RM  WITH DIST_RM      14.852    -0.032     -0.032       -0.229
ANXI_RM  WITH NARC_RM       5.831     0.015      0.015        0.149
ANXI_RM  WITH LABI_RM       8.443     0.023      0.023        0.164
ANXI_RM  WITH EMPA_RM      16.022    -0.022     -0.022       -0.239
ANXI_RM  WITH DEPE_RM       6.726    -0.020     -0.020       -0.149
SELF_RM  WITH FLEX_RM      24.586    -0.037     -0.037       -0.291
SELF_RM  WITH EMPA_RM       7.163     0.017      0.017        0.173
ATTA_RM  WITH IRRI_RM      19.504    -0.036     -0.036       -0.226
ATTA_RM  WITH LABI_RM       8.468    -0.021     -0.021       -0.149
ATTA_RM  WITH RESI_RM      10.198    -0.015     -0.015       -0.168
ATTA_RM  WITH DEPE_RM      73.346     0.056      0.056        0.441
ATTA_RM  WITH ANXI_RM       7.715    -0.019     -0.019       -0.160
SUBM_RM  WITH IMPU_RM      16.467     0.038      0.038        0.208
SUBM_RM  WITH IRRI_RM      26.384    -0.059     -0.059       -0.256
SUBM_RM  WITH LABI_RM      17.242    -0.041     -0.041       -0.207
SUBM_RM  WITH DEPE_RM       4.043     0.018      0.018        0.100
SUBM_RM  WITH SELF_RM       9.704     0.032      0.032        0.181
SUBM_RM  WITH ATTA_RM       8.459     0.023      0.023        0.145
STRE_RM  WITH ACTI_RM       6.784    -0.046     -0.046       -0.137
STRE_RM  WITH IRRI_RM      10.702     0.041      0.041        0.171
STRE_RM  WITH FLEX_RM       8.868     0.026      0.026        0.154
STRE_RM  WITH DEPE_RM       7.535    -0.028     -0.028       -0.145
STRE_RM  WITH ATTA_RM       4.671    -0.019     -0.019       -0.114
STRE_RM  WITH SUBM_RM       4.508    -0.026     -0.026       -0.108
SEPA_RM  WITH EXPR_RM       9.495     0.024      0.024        0.163
SEPA_RM  WITH IRRI_RM       6.514    -0.036     -0.036       -0.128
SEPA_RM  WITH NARC_RM       6.180     0.023      0.023        0.136
SEPA_RM  WITH LABI_RM       4.032    -0.024     -0.024       -0.101
SEPA_RM  WITH FLEX_RM       6.507    -0.025     -0.025       -0.127
SEPA_RM  WITH DEPE_RM      15.685     0.044      0.044        0.200
SEPA_RM  WITH ANXI_RM      12.249     0.040      0.040        0.196
SEPA_RM  WITH SELF_RM       4.365    -0.027     -0.027       -0.126
SEPA_RM  WITH ATTA_RM      18.777     0.043      0.043        0.219
SEPA_RM  WITH SUBM_RM       9.246    -0.041     -0.041       -0.149
DEPR_RM  WITH EXPR_RM       7.394     0.011      0.011        0.146
DEPR_RM  WITH ACTI_RM       8.363    -0.030     -0.030       -0.148
DEPR_RM  WITH IMPU_RM      16.257    -0.024     -0.024       -0.212
DEPR_RM  WITH DIST_RM       6.853    -0.017     -0.017       -0.141
DEPR_RM  WITH LABI_RM      31.995     0.036      0.036        0.290
DEPR_RM  WITH RESI_RM      14.503     0.016      0.016        0.201
DEPR_RM  WITH DEPE_RM      22.664    -0.028     -0.028       -0.244
DEPR_RM  WITH ANXI_RM      38.501     0.037      0.037        0.351
DEPR_RM  WITH ATTA_RM      15.309    -0.020     -0.020       -0.200
DEPR_RM  WITH SUBM_RM      20.201    -0.033     -0.033       -0.223
SHYN_RM  WITH EXPR_RM       6.196    -0.011     -0.011       -0.151
SHYN_RM  WITH ACTI_RM       9.840     0.034      0.034        0.184
SHYN_RM  WITH DISO_RM       5.323     0.025      0.025        0.136
SHYN_RM  WITH RISK_RM       7.543     0.023      0.023        0.160
SHYN_RM  WITH LABI_RM      12.260    -0.023     -0.023       -0.201
SHYN_RM  WITH ANXI_RM      11.456    -0.021     -0.021       -0.213
PARA_RM  WITH ACTI_RM      15.142     0.040      0.040        0.215
PARA_RM  WITH IRRI_RM       4.981    -0.016     -0.016       -0.122
PARA_RM  WITH RISK_RM      10.841     0.025      0.025        0.181
PARA_RM  WITH NARC_RM       4.426    -0.010     -0.010       -0.124
PARA_RM  WITH ANXI_RM       7.276     0.016      0.016        0.162
PARA_RM  WITH SUBM_RM      10.768     0.023      0.023        0.174
PARA_RM  WITH STRE_RM      11.939    -0.027     -0.027       -0.192
PARA_RM  WITH DEPR_RM       5.890     0.011      0.011        0.134
PARA_RM  WITH SHYN_RM      18.129     0.023      0.023        0.293
WITH_RM  WITH EXPR_RM      11.999    -0.026     -0.026       -0.185
WITH_RM  WITH IMPU_RM       6.258     0.027      0.027        0.131
WITH_RM  WITH DISO_RM       6.098     0.046      0.046        0.128
WITH_RM  WITH EMPA_RM      11.443     0.027      0.027        0.186
WITH_RM  WITH DEPE_RM       4.074     0.021      0.021        0.102
WITH_RM  WITH ANXI_RM      13.110    -0.038     -0.038       -0.202
WITH_RM  WITH SELF_RM       5.201     0.027      0.027        0.134
WITH_RM  WITH SHYN_RM       9.025     0.027      0.027        0.176
WITH_RM  WITH PARA_RM       5.656    -0.020     -0.020       -0.131
PERF_RM  WITH EXPR_RM      10.252    -0.020     -0.020       -0.205
PERF_RM  WITH DOMI_RM      11.929    -0.031     -0.031       -0.228
PERF_RM  WITH DISO_RM       9.462     0.050      0.050        0.197
PERF_RM  WITH DIST_RM       5.066     0.024      0.024        0.154
PERF_RM  WITH NARC_RM       7.756    -0.022     -0.022       -0.193
PERF_RM  WITH RESI_RM       5.112     0.014      0.014        0.142
PERF_RM  WITH FLEX_RM       4.430     0.016      0.016        0.125
PERF_RM  WITH ANXI_RM      11.765    -0.030     -0.030       -0.228
PERF_RM  WITH SEPA_RM       5.348    -0.030     -0.030       -0.136
PERF_RM  WITH DEPR_RM       4.661    -0.015     -0.015       -0.128
PERF_RM  WITH WITH_RM       4.868     0.027      0.027        0.131
ACHI_RM  WITH EXPR_RM      16.968    -0.030     -0.030       -0.268
ACHI_RM  WITH ACTI_RM      12.571     0.063      0.063        0.213
ACHI_RM  WITH DOMI_RM       5.218    -0.024     -0.024       -0.153
ACHI_RM  WITH DISO_RM      14.329     0.070      0.070        0.236
ACHI_RM  WITH RISK_RM      11.851     0.047      0.047        0.208
ACHI_RM  WITH EMPA_RM       5.746     0.018      0.018        0.154
ACHI_RM  WITH DEPE_RM       6.421    -0.025     -0.025       -0.151
ACHI_RM  WITH WITH_RM       4.288     0.030      0.030        0.122
ACHI_RM  WITH PERF_RM      66.223     0.132      0.132        0.779
ORDE_RM  WITH ACTI_RM       6.864     0.031      0.031        0.139
ORDE_RM  WITH DISO_RM      19.323    -0.052     -0.052       -0.240
ORDE_RM  WITH DIST_RM       5.446     0.017      0.017        0.132
ORDE_RM  WITH NARC_RM       7.504    -0.015     -0.015       -0.158
ORDE_RM  WITH FLEX_RM      47.117     0.040      0.040        0.360
ORDE_RM  WITH DEPR_RM      13.948    -0.020     -0.020       -0.196
ORDE_RM  WITH PERF_RM      13.923     0.030      0.030        0.243
ORDE_RM  WITH ACHI_RM       5.963    -0.023     -0.023       -0.154
SENS_RM  WITH EXPR_RM       6.012     0.021      0.021        0.132
SENS_RM  WITH DIST_RM       7.280    -0.036     -0.036       -0.146
SENS_RM  WITH EMPA_RM      25.200    -0.045     -0.045       -0.277
SENS_RM  WITH DEPE_RM       6.088    -0.029     -0.029       -0.126
SENS_RM  WITH WITH_RM       4.893    -0.037     -0.037       -0.112
FANT_RM  WITH IRRI_RM       4.199     0.015      0.015        0.179
FANT_RM  WITH DIST_RM      22.395    -0.030     -0.030       -0.433
FANT_RM  WITH RISK_RM       5.935     0.018      0.018        0.207
FANT_RM  WITH LABI_RM       9.907     0.019      0.019        0.270
FANT_RM  WITH FLEX_RM       4.068     0.010      0.010        0.169
DAYD_RM  WITH DOMI_RM       6.172     0.012      0.012        0.163
DAYD_RM  WITH DISO_RM       7.217    -0.023     -0.023       -0.164
DAYD_RM  WITH DIST_RM      15.930     0.022      0.022        0.259
DAYD_RM  WITH RISK_RM      10.864    -0.022     -0.022       -0.199
DAYD_RM  WITH NARC_RM       6.302     0.010      0.010        0.163
DAYD_RM  WITH FLEX_RM      10.148    -0.014     -0.014       -0.189
DAYD_RM  WITH ANXI_RM      10.108     0.016      0.016        0.212
DAYD_RM  WITH SEPA_RM      10.275     0.023      0.023        0.188
DAYD_RM  WITH SHYN_RM       9.435    -0.012     -0.012       -0.206
DAYD_RM  WITH WITH_RM       4.468    -0.015     -0.015       -0.127
DAYD_RM  WITH FANT_RM      64.625     0.348      0.348        9.465
ODDT_RM  WITH DOMI_RM       4.332    -0.015     -0.015       -0.113
ODDT_RM  WITH FLEX_RM      10.606     0.021      0.021        0.162
ODDT_RM  WITH EMPA_RM       7.113    -0.014     -0.014       -0.144
ODDT_RM  WITH SEPA_RM       4.874    -0.024     -0.024       -0.109
ODDT_RM  WITH SHYN_RM       4.992     0.013      0.013        0.127
ODDT_RM  WITH SENS_RM      19.556     0.052      0.052        0.221
ODDT_RM  WITH FANT_RM       6.525    -0.017     -0.017       -0.265


     Beginning Time:  16:07:24
        Ending Time:  16:07:25
       Elapsed Time:  00:00:01



MUTHEN & MUTHEN
3463 Stoner Ave.
Los Angeles, CA  90066

Tel: (310) 391-9971
Fax: (310) 391-8971
Web: www.StatModel.com
Support: Support@StatModel.com

Copyright (c) 1998-2008 Muthen & Muthen
